[debug] [2020-01-08T13:20:35.079Z] ----------------------------------------------------------------------
[debug] [2020-01-08T13:20:35.082Z] Command:       /Users/ajdin/.nvm/versions/node/v8.14.1/bin/node /Users/ajdin/.nvm/versions/node/v8.14.1/bin/firebase deploy
[debug] [2020-01-08T13:20:35.082Z] CLI Version:   7.11.0
[debug] [2020-01-08T13:20:35.082Z] Platform:      darwin
[debug] [2020-01-08T13:20:35.082Z] Node Version:  v8.14.1
[debug] [2020-01-08T13:20:35.083Z] Time:          Wed Jan 08 2020 14:20:35 GMT+0100 (CET)
[debug] [2020-01-08T13:20:35.083Z] ----------------------------------------------------------------------
[debug] [2020-01-08T13:20:35.083Z] 
[debug] [2020-01-08T13:20:35.093Z] > command requires scopes: ["email","openid","https://www.googleapis.com/auth/cloudplatformprojects.readonly","https://www.googleapis.com/auth/firebase","https://www.googleapis.com/auth/cloud-platform"]
[debug] [2020-01-08T13:20:35.093Z] > authorizing via signed-in user
[debug] [2020-01-08T13:20:35.093Z] [iam] checking project pokemons-site for permissions ["firebase.projects.get","firebasehosting.sites.update"]
[debug] [2020-01-08T13:20:35.095Z] >>> HTTP REQUEST POST https://cloudresourcemanager.googleapis.com/v1/projects/pokemons-site:testIamPermissions  

[debug] [2020-01-08T13:20:36.168Z] <<< HTTP RESPONSE 200
[debug] [2020-01-08T13:20:36.170Z] >>> HTTP REQUEST GET https://firebase.googleapis.com/v1beta1/projects/pokemons-site  
 
[debug] [2020-01-08T13:20:36.417Z] <<< HTTP RESPONSE 200
[info] 
[info] === Deploying to 'pokemons-site'...
[info] 
[info] i  deploying hosting
[debug] [2020-01-08T13:20:36.422Z] >>> HTTP REQUEST POST https://firebasehosting.googleapis.com/v1beta1/sites/pokemons-site/versions  

[debug] [2020-01-08T13:20:40.132Z] <<< HTTP RESPONSE 200
[info] i  hosting[pokemons-site]: beginning deploy...
[info] i  hosting[pokemons-site]: found 1 files in y
[debug] [2020-01-08T13:20:40.141Z] [hosting] hash cache [eQ] not populated
[debug] [2020-01-08T13:20:40.153Z] [hosting] hash cache [eQ] stored for 1 files
[debug] [2020-01-08T13:20:40.154Z] [hosting][hash queue][FINAL]
[debug] [2020-01-08T13:20:40.154Z] >>> HTTP REQUEST POST https://firebasehosting.googleapis.com/v1beta1/sites/pokemons-site/versions/9a97e92d4f591b6d:populateFiles  
 <request body omitted>
[debug] [2020-01-08T13:20:41.436Z] <<< HTTP RESPONSE 200
[debug] [2020-01-08T13:20:41.440Z] [hosting][populate queue][FINAL]
[debug] [2020-01-08T13:20:41.441Z] [hosting] uploads queued: 1
[debug] [2020-01-08T13:20:44.083Z] [hosting][upload queue][FINAL]
[info] ✔  hosting[pokemons-site]: file upload complete
[debug] [2020-01-08T13:20:44.083Z] [hosting] deploy completed after 3949ms
[debug] [2020-01-08T13:20:44.231Z] [
  {
    "config": {
      "public": "y",
      "ignore": [
        "firebase.json",
        "**/.*",
        "**/node_modules/**"
      ],
      "rewrites": [
        {
          "source": "**",
          "destination": "/index.html"
        }
      ],
      "site": "pokemons-site"
    },
    "site": "pokemons-site",
    "version": "sites/pokemons-site/versions/9a97e92d4f591b6d"
  }
]
[info] i  hosting[pokemons-site]: finalizing version...
[debug] [2020-01-08T13:20:44.231Z] >>> HTTP REQUEST PATCH https://firebasehosting.googleapis.com/v1beta1/sites/pokemons-site/versions/9a97e92d4f591b6d?updateMask=status  

[debug] [2020-01-08T13:20:45.360Z] <<< HTTP RESPONSE 200
[debug] [2020-01-08T13:20:45.361Z] [hosting] finalized version for pokemons-site:
[info] ✔  hosting[pokemons-site]: version finalized
[info] i  hosting[pokemons-site]: releasing new version...
[debug] [2020-01-08T13:20:45.362Z] >>> HTTP REQUEST POST https://firebasehosting.googleapis.com/v1beta1/sites/pokemons-site/releases?version_name=sites/pokemons-site/versions/9a97e92d4f591b6d  

